2023-06-09 18:55:53,903 [INFO] Activator:176 - 


2023-06-09 18:55:53,905 [INFO] Activator:177 - !SESSION log4j initialized
2023-06-09 18:55:56,153 [INFO] LogOutputStream:77 - [STDOUT_REDIRECT] 
2023-06-09 18:56:18,006 [ERROR] LogOutputStream:75 - [STDERR_REDIRECT] SLF4J: Failed to load class "org.slf4j.impl.StaticLoggerBinder".
2023-06-09 18:56:18,007 [ERROR] LogOutputStream:75 - [STDERR_REDIRECT] SLF4J: Defaulting to no-operation (NOP) logger implementation
2023-06-09 18:56:18,007 [ERROR] LogOutputStream:75 - [STDERR_REDIRECT] SLF4J: See http://www.slf4j.org/codes.html#StaticLoggerBinder for further details.
2023-06-09 19:00:16,983 [ERROR] LogOutputStream:75 - [STDERR_REDIRECT] java.lang.StringIndexOutOfBoundsException: begin 0, end -1, length 0
2023-06-09 19:00:16,984 [ERROR] LogOutputStream:75 - [STDERR_REDIRECT] 	at java.base/java.lang.String.checkBoundsBeginEnd(String.java:3319)
2023-06-09 19:00:16,985 [ERROR] LogOutputStream:75 - [STDERR_REDIRECT] 	at java.base/java.lang.String.substring(String.java:1874)
2023-06-09 19:00:16,985 [ERROR] LogOutputStream:75 - [STDERR_REDIRECT] 	at com.st.stm32cube.ide.mcu.utils.assembly.InstructionRecord.calcJumpInstructionDirect(InstructionRecord.java:190)
2023-06-09 19:00:16,986 [ERROR] LogOutputStream:75 - [STDERR_REDIRECT] 	at com.st.stm32cube.ide.mcu.utils.assembly.InstructionRecord.isJumpInstructionDirect(InstructionRecord.java:153)
2023-06-09 19:00:16,986 [ERROR] LogOutputStream:75 - [STDERR_REDIRECT] 	at com.st.stm32cube.ide.mcu.cyclomaticcomplexity.model.CallGraph.fromInstructions(CallGraph.java:61)
2023-06-09 19:00:16,987 [ERROR] LogOutputStream:75 - [STDERR_REDIRECT] 	at com.st.stm32cube.ide.mcu.cyclomaticcomplexity.CyclomaticView.inputChanged(CyclomaticView.java:699)
2023-06-09 19:00:16,988 [ERROR] LogOutputStream:75 - [STDERR_REDIRECT] 	at com.st.stm32cube.ide.mcu.cyclomaticcomplexity.CyclomaticView.lambda$4(CyclomaticView.java:561)
2023-06-09 19:00:16,988 [ERROR] LogOutputStream:75 - [STDERR_REDIRECT] 	at java.base/java.lang.Thread.run(Thread.java:829)
2023-06-09 19:00:16,989 [ERROR] LogOutputStream:75 - [STDERR_REDIRECT] java.lang.StringIndexOutOfBoundsException: begin 0, end -1, length 0
2023-06-09 19:00:16,990 [ERROR] LogOutputStream:75 - [STDERR_REDIRECT] 	at java.base/java.lang.String.checkBoundsBeginEnd(String.java:3319)
2023-06-09 19:00:16,990 [ERROR] LogOutputStream:75 - [STDERR_REDIRECT] 	at java.base/java.lang.String.substring(String.java:1874)
2023-06-09 19:00:16,990 [ERROR] LogOutputStream:75 - [STDERR_REDIRECT] 	at com.st.stm32cube.ide.mcu.utils.assembly.InstructionRecord.calcJumpInstructionDirect(InstructionRecord.java:190)
2023-06-09 19:00:16,990 [ERROR] LogOutputStream:75 - [STDERR_REDIRECT] 	at com.st.stm32cube.ide.mcu.utils.assembly.InstructionRecord.isJumpInstructionDirect(InstructionRecord.java:153)
2023-06-09 19:00:16,990 [ERROR] LogOutputStream:75 - [STDERR_REDIRECT] 	at com.st.stm32cube.ide.mcu.cyclomaticcomplexity.model.CallGraph.fromInstructions(CallGraph.java:61)
2023-06-09 19:00:16,991 [ERROR] LogOutputStream:75 - [STDERR_REDIRECT] 	at com.st.stm32cube.ide.mcu.cyclomaticcomplexity.CyclomaticView.inputChanged(CyclomaticView.java:699)
2023-06-09 19:00:16,991 [ERROR] LogOutputStream:75 - [STDERR_REDIRECT] 	at com.st.stm32cube.ide.mcu.cyclomaticcomplexity.CyclomaticView.lambda$4(CyclomaticView.java:561)
2023-06-09 19:00:16,991 [ERROR] LogOutputStream:75 - [STDERR_REDIRECT] 	at java.base/java.lang.Thread.run(Thread.java:829)
2023-06-09 19:00:16,991 [ERROR] LogOutputStream:75 - [STDERR_REDIRECT] java.lang.StringIndexOutOfBoundsException: begin 0, end -1, length 0
2023-06-09 19:00:16,991 [ERROR] LogOutputStream:75 - [STDERR_REDIRECT] 	at java.base/java.lang.String.checkBoundsBeginEnd(String.java:3319)
2023-06-09 19:00:16,991 [ERROR] LogOutputStream:75 - [STDERR_REDIRECT] 	at java.base/java.lang.String.substring(String.java:1874)
2023-06-09 19:00:16,992 [ERROR] LogOutputStream:75 - [STDERR_REDIRECT] 	at com.st.stm32cube.ide.mcu.utils.assembly.InstructionRecord.calcJumpInstructionDirect(InstructionRecord.java:190)
2023-06-09 19:00:16,992 [ERROR] LogOutputStream:75 - [STDERR_REDIRECT] 	at com.st.stm32cube.ide.mcu.utils.assembly.InstructionRecord.isJumpInstructionDirect(InstructionRecord.java:153)
2023-06-09 19:00:16,992 [ERROR] LogOutputStream:75 - [STDERR_REDIRECT] 	at com.st.stm32cube.ide.mcu.cyclomaticcomplexity.model.CallGraph.fromInstructions(CallGraph.java:61)
2023-06-09 19:00:16,992 [ERROR] LogOutputStream:75 - [STDERR_REDIRECT] 	at com.st.stm32cube.ide.mcu.cyclomaticcomplexity.CyclomaticView.inputChanged(CyclomaticView.java:699)
2023-06-09 19:00:16,992 [ERROR] LogOutputStream:75 - [STDERR_REDIRECT] 	at com.st.stm32cube.ide.mcu.cyclomaticcomplexity.CyclomaticView.lambda$4(CyclomaticView.java:561)
2023-06-09 19:00:16,992 [ERROR] LogOutputStream:75 - [STDERR_REDIRECT] 	at java.base/java.lang.Thread.run(Thread.java:829)
2023-06-09 19:00:16,993 [ERROR] LogOutputStream:75 - [STDERR_REDIRECT] java.lang.StringIndexOutOfBoundsException: begin 0, end -1, length 0
2023-06-09 19:00:16,993 [ERROR] LogOutputStream:75 - [STDERR_REDIRECT] 	at java.base/java.lang.String.checkBoundsBeginEnd(String.java:3319)
2023-06-09 19:00:16,993 [ERROR] LogOutputStream:75 - [STDERR_REDIRECT] 	at java.base/java.lang.String.substring(String.java:1874)
2023-06-09 19:00:16,993 [ERROR] LogOutputStream:75 - [STDERR_REDIRECT] 	at com.st.stm32cube.ide.mcu.utils.assembly.InstructionRecord.calcJumpInstructionDirect(InstructionRecord.java:190)
2023-06-09 19:00:16,993 [ERROR] LogOutputStream:75 - [STDERR_REDIRECT] 	at com.st.stm32cube.ide.mcu.utils.assembly.InstructionRecord.isJumpInstructionDirect(InstructionRecord.java:153)
2023-06-09 19:00:16,993 [ERROR] LogOutputStream:75 - [STDERR_REDIRECT] 	at com.st.stm32cube.ide.mcu.cyclomaticcomplexity.model.CallGraph.fromInstructions(CallGraph.java:61)
2023-06-09 19:00:16,993 [ERROR] LogOutputStream:75 - [STDERR_REDIRECT] 	at com.st.stm32cube.ide.mcu.cyclomaticcomplexity.CyclomaticView.inputChanged(CyclomaticView.java:699)
2023-06-09 19:00:16,994 [ERROR] LogOutputStream:75 - [STDERR_REDIRECT] 	at com.st.stm32cube.ide.mcu.cyclomaticcomplexity.CyclomaticView.lambda$4(CyclomaticView.java:561)
2023-06-09 19:00:16,994 [ERROR] LogOutputStream:75 - [STDERR_REDIRECT] 	at java.base/java.lang.Thread.run(Thread.java:829)
2023-06-09 19:00:16,994 [ERROR] LogOutputStream:75 - [STDERR_REDIRECT] java.lang.StringIndexOutOfBoundsException: begin 0, end -1, length 0
2023-06-09 19:00:16,994 [ERROR] LogOutputStream:75 - [STDERR_REDIRECT] 	at java.base/java.lang.String.checkBoundsBeginEnd(String.java:3319)
2023-06-09 19:00:16,994 [ERROR] LogOutputStream:75 - [STDERR_REDIRECT] 	at java.base/java.lang.String.substring(String.java:1874)
2023-06-09 19:00:16,994 [ERROR] LogOutputStream:75 - [STDERR_REDIRECT] 	at com.st.stm32cube.ide.mcu.utils.assembly.InstructionRecord.calcJumpInstructionDirect(InstructionRecord.java:190)
2023-06-09 19:00:16,995 [ERROR] LogOutputStream:75 - [STDERR_REDIRECT] 	at com.st.stm32cube.ide.mcu.utils.assembly.InstructionRecord.isJumpInstructionDirect(InstructionRecord.java:153)
2023-06-09 19:00:16,995 [ERROR] LogOutputStream:75 - [STDERR_REDIRECT] 	at com.st.stm32cube.ide.mcu.cyclomaticcomplexity.model.CallGraph.fromInstructions(CallGraph.java:61)
2023-06-09 19:00:16,995 [ERROR] LogOutputStream:75 - [STDERR_REDIRECT] 	at com.st.stm32cube.ide.mcu.cyclomaticcomplexity.CyclomaticView.inputChanged(CyclomaticView.java:699)
2023-06-09 19:00:16,995 [ERROR] LogOutputStream:75 - [STDERR_REDIRECT] 	at com.st.stm32cube.ide.mcu.cyclomaticcomplexity.CyclomaticView.lambda$4(CyclomaticView.java:561)
2023-06-09 19:00:16,995 [ERROR] LogOutputStream:75 - [STDERR_REDIRECT] 	at java.base/java.lang.Thread.run(Thread.java:829)
2023-06-09 19:00:16,995 [ERROR] LogOutputStream:75 - [STDERR_REDIRECT] java.lang.StringIndexOutOfBoundsException: begin 0, end -1, length 0
2023-06-09 19:00:16,995 [ERROR] LogOutputStream:75 - [STDERR_REDIRECT] 	at java.base/java.lang.String.checkBoundsBeginEnd(String.java:3319)
2023-06-09 19:00:16,996 [ERROR] LogOutputStream:75 - [STDERR_REDIRECT] 	at java.base/java.lang.String.substring(String.java:1874)
2023-06-09 19:00:16,996 [ERROR] LogOutputStream:75 - [STDERR_REDIRECT] 	at com.st.stm32cube.ide.mcu.utils.assembly.InstructionRecord.calcJumpInstructionDirect(InstructionRecord.java:190)
2023-06-09 19:00:16,996 [ERROR] LogOutputStream:75 - [STDERR_REDIRECT] 	at com.st.stm32cube.ide.mcu.utils.assembly.InstructionRecord.isJumpInstructionDirect(InstructionRecord.java:153)
2023-06-09 19:00:16,996 [ERROR] LogOutputStream:75 - [STDERR_REDIRECT] 	at com.st.stm32cube.ide.mcu.cyclomaticcomplexity.model.CallGraph.fromInstructions(CallGraph.java:61)
2023-06-09 19:00:16,996 [ERROR] LogOutputStream:75 - [STDERR_REDIRECT] 	at com.st.stm32cube.ide.mcu.cyclomaticcomplexity.CyclomaticView.inputChanged(CyclomaticView.java:699)
2023-06-09 19:00:16,996 [ERROR] LogOutputStream:75 - [STDERR_REDIRECT] 	at com.st.stm32cube.ide.mcu.cyclomaticcomplexity.CyclomaticView.lambda$4(CyclomaticView.java:561)
2023-06-09 19:00:16,996 [ERROR] LogOutputStream:75 - [STDERR_REDIRECT] 	at java.base/java.lang.Thread.run(Thread.java:829)
2023-06-09 19:00:16,997 [ERROR] LogOutputStream:75 - [STDERR_REDIRECT] java.lang.StringIndexOutOfBoundsException: begin 0, end -1, length 0
2023-06-09 19:00:16,997 [ERROR] LogOutputStream:75 - [STDERR_REDIRECT] 	at java.base/java.lang.String.checkBoundsBeginEnd(String.java:3319)
2023-06-09 19:00:16,997 [ERROR] LogOutputStream:75 - [STDERR_REDIRECT] 	at java.base/java.lang.String.substring(String.java:1874)
2023-06-09 19:00:16,997 [ERROR] LogOutputStream:75 - [STDERR_REDIRECT] 	at com.st.stm32cube.ide.mcu.utils.assembly.InstructionRecord.calcJumpInstructionDirect(InstructionRecord.java:190)
2023-06-09 19:00:16,997 [ERROR] LogOutputStream:75 - [STDERR_REDIRECT] 	at com.st.stm32cube.ide.mcu.utils.assembly.InstructionRecord.isJumpInstructionDirect(InstructionRecord.java:153)
2023-06-09 19:00:16,997 [ERROR] LogOutputStream:75 - [STDERR_REDIRECT] 	at com.st.stm32cube.ide.mcu.cyclomaticcomplexity.model.CallGraph.fromInstructions(CallGraph.java:61)
2023-06-09 19:00:16,998 [ERROR] LogOutputStream:75 - [STDERR_REDIRECT] 	at com.st.stm32cube.ide.mcu.cyclomaticcomplexity.CyclomaticView.inputChanged(CyclomaticView.java:699)
2023-06-09 19:00:16,998 [ERROR] LogOutputStream:75 - [STDERR_REDIRECT] 	at com.st.stm32cube.ide.mcu.cyclomaticcomplexity.CyclomaticView.lambda$4(CyclomaticView.java:561)
2023-06-09 19:00:16,998 [ERROR] LogOutputStream:75 - [STDERR_REDIRECT] 	at java.base/java.lang.Thread.run(Thread.java:829)
2023-06-09 19:00:16,998 [ERROR] LogOutputStream:75 - [STDERR_REDIRECT] java.lang.StringIndexOutOfBoundsException: begin 0, end -1, length 0
2023-06-09 19:00:16,998 [ERROR] LogOutputStream:75 - [STDERR_REDIRECT] 	at java.base/java.lang.String.checkBoundsBeginEnd(String.java:3319)
2023-06-09 19:00:16,998 [ERROR] LogOutputStream:75 - [STDERR_REDIRECT] 	at java.base/java.lang.String.substring(String.java:1874)
2023-06-09 19:00:16,998 [ERROR] LogOutputStream:75 - [STDERR_REDIRECT] 	at com.st.stm32cube.ide.mcu.utils.assembly.InstructionRecord.calcJumpInstructionDirect(InstructionRecord.java:190)
2023-06-09 19:00:16,999 [ERROR] LogOutputStream:75 - [STDERR_REDIRECT] 	at com.st.stm32cube.ide.mcu.utils.assembly.InstructionRecord.isJumpInstructionDirect(InstructionRecord.java:153)
2023-06-09 19:00:16,999 [ERROR] LogOutputStream:75 - [STDERR_REDIRECT] 	at com.st.stm32cube.ide.mcu.cyclomaticcomplexity.model.CallGraph.fromInstructions(CallGraph.java:61)
2023-06-09 19:00:16,999 [ERROR] LogOutputStream:75 - [STDERR_REDIRECT] 	at com.st.stm32cube.ide.mcu.cyclomaticcomplexity.CyclomaticView.inputChanged(CyclomaticView.java:699)
2023-06-09 19:00:16,999 [ERROR] LogOutputStream:75 - [STDERR_REDIRECT] 	at com.st.stm32cube.ide.mcu.cyclomaticcomplexity.CyclomaticView.lambda$4(CyclomaticView.java:561)
2023-06-09 19:00:16,999 [ERROR] LogOutputStream:75 - [STDERR_REDIRECT] 	at java.base/java.lang.Thread.run(Thread.java:829)
2023-06-09 19:00:16,999 [ERROR] LogOutputStream:75 - [STDERR_REDIRECT] java.lang.StringIndexOutOfBoundsException: begin 0, end -1, length 0
2023-06-09 19:00:16,999 [ERROR] LogOutputStream:75 - [STDERR_REDIRECT] 	at java.base/java.lang.String.checkBoundsBeginEnd(String.java:3319)
2023-06-09 19:00:17,000 [ERROR] LogOutputStream:75 - [STDERR_REDIRECT] 	at java.base/java.lang.String.substring(String.java:1874)
2023-06-09 19:00:17,000 [ERROR] LogOutputStream:75 - [STDERR_REDIRECT] 	at com.st.stm32cube.ide.mcu.utils.assembly.InstructionRecord.calcJumpInstructionDirect(InstructionRecord.java:190)
2023-06-09 19:00:17,000 [ERROR] LogOutputStream:75 - [STDERR_REDIRECT] 	at com.st.stm32cube.ide.mcu.utils.assembly.InstructionRecord.isJumpInstructionDirect(InstructionRecord.java:153)
2023-06-09 19:00:17,000 [ERROR] LogOutputStream:75 - [STDERR_REDIRECT] 	at com.st.stm32cube.ide.mcu.cyclomaticcomplexity.model.CallGraph.fromInstructions(CallGraph.java:61)
2023-06-09 19:00:17,000 [ERROR] LogOutputStream:75 - [STDERR_REDIRECT] 	at com.st.stm32cube.ide.mcu.cyclomaticcomplexity.CyclomaticView.inputChanged(CyclomaticView.java:699)
2023-06-09 19:00:17,000 [ERROR] LogOutputStream:75 - [STDERR_REDIRECT] 	at com.st.stm32cube.ide.mcu.cyclomaticcomplexity.CyclomaticView.lambda$4(CyclomaticView.java:561)
2023-06-09 19:00:17,000 [ERROR] LogOutputStream:75 - [STDERR_REDIRECT] 	at java.base/java.lang.Thread.run(Thread.java:829)
2023-06-09 19:00:17,001 [ERROR] LogOutputStream:75 - [STDERR_REDIRECT] java.lang.StringIndexOutOfBoundsException: begin 0, end -1, length 0
2023-06-09 19:00:17,001 [ERROR] LogOutputStream:75 - [STDERR_REDIRECT] 	at java.base/java.lang.String.checkBoundsBeginEnd(String.java:3319)
2023-06-09 19:00:17,001 [ERROR] LogOutputStream:75 - [STDERR_REDIRECT] 	at java.base/java.lang.String.substring(String.java:1874)
2023-06-09 19:00:17,001 [ERROR] LogOutputStream:75 - [STDERR_REDIRECT] 	at com.st.stm32cube.ide.mcu.utils.assembly.InstructionRecord.calcJumpInstructionDirect(InstructionRecord.java:190)
2023-06-09 19:00:17,001 [ERROR] LogOutputStream:75 - [STDERR_REDIRECT] 	at com.st.stm32cube.ide.mcu.utils.assembly.InstructionRecord.isJumpInstructionDirect(InstructionRecord.java:153)
2023-06-09 19:00:17,001 [ERROR] LogOutputStream:75 - [STDERR_REDIRECT] 	at com.st.stm32cube.ide.mcu.cyclomaticcomplexity.model.CallGraph.fromInstructions(CallGraph.java:61)
2023-06-09 19:00:17,002 [ERROR] LogOutputStream:75 - [STDERR_REDIRECT] 	at com.st.stm32cube.ide.mcu.cyclomaticcomplexity.CyclomaticView.inputChanged(CyclomaticView.java:699)
2023-06-09 19:00:17,002 [ERROR] LogOutputStream:75 - [STDERR_REDIRECT] 	at com.st.stm32cube.ide.mcu.cyclomaticcomplexity.CyclomaticView.lambda$4(CyclomaticView.java:561)
2023-06-09 19:00:17,002 [ERROR] LogOutputStream:75 - [STDERR_REDIRECT] 	at java.base/java.lang.Thread.run(Thread.java:829)
2023-06-09 19:00:17,092 [ERROR] LogOutputStream:75 - [STDERR_REDIRECT] java.lang.StringIndexOutOfBoundsException: begin 0, end -1, length 0
2023-06-09 19:00:17,092 [ERROR] LogOutputStream:75 - [STDERR_REDIRECT] 	at java.base/java.lang.String.checkBoundsBeginEnd(String.java:3319)
2023-06-09 19:00:17,093 [ERROR] LogOutputStream:75 - [STDERR_REDIRECT] 	at java.base/java.lang.String.substring(String.java:1874)
2023-06-09 19:00:17,093 [ERROR] LogOutputStream:75 - [STDERR_REDIRECT] 	at com.st.stm32cube.ide.mcu.utils.assembly.InstructionRecord.calcJumpInstructionDirect(InstructionRecord.java:190)
2023-06-09 19:00:17,093 [ERROR] LogOutputStream:75 - [STDERR_REDIRECT] 	at com.st.stm32cube.ide.mcu.utils.assembly.InstructionRecord.isJumpInstructionDirect(InstructionRecord.java:153)
2023-06-09 19:00:17,094 [ERROR] LogOutputStream:75 - [STDERR_REDIRECT] 	at com.st.stm32cube.ide.mcu.stackanalyzer.model.CallGraph.fromInstructions(CallGraph.java:66)
2023-06-09 19:00:17,094 [ERROR] LogOutputStream:75 - [STDERR_REDIRECT] 	at com.st.stm32cube.ide.mcu.stackanalyzer.ui.StackAnalyzerView.inputChanged(StackAnalyzerView.java:960)
2023-06-09 19:00:17,094 [ERROR] LogOutputStream:75 - [STDERR_REDIRECT] 	at com.st.stm32cube.ide.mcu.stackanalyzer.ui.StackAnalyzerView.lambda$15(StackAnalyzerView.java:1307)
2023-06-09 19:00:17,095 [ERROR] LogOutputStream:75 - [STDERR_REDIRECT] 	at java.base/java.lang.Thread.run(Thread.java:829)
2023-06-09 19:00:17,095 [ERROR] LogOutputStream:75 - [STDERR_REDIRECT] java.lang.StringIndexOutOfBoundsException: begin 0, end -1, length 0
2023-06-09 19:00:17,095 [ERROR] LogOutputStream:75 - [STDERR_REDIRECT] 	at java.base/java.lang.String.checkBoundsBeginEnd(String.java:3319)
2023-06-09 19:00:17,096 [ERROR] LogOutputStream:75 - [STDERR_REDIRECT] 	at java.base/java.lang.String.substring(String.java:1874)
2023-06-09 19:00:17,096 [ERROR] LogOutputStream:75 - [STDERR_REDIRECT] 	at com.st.stm32cube.ide.mcu.utils.assembly.InstructionRecord.calcJumpInstructionDirect(InstructionRecord.java:190)
2023-06-09 19:00:17,096 [ERROR] LogOutputStream:75 - [STDERR_REDIRECT] 	at com.st.stm32cube.ide.mcu.utils.assembly.InstructionRecord.isJumpInstructionDirect(InstructionRecord.java:153)
2023-06-09 19:00:17,096 [ERROR] LogOutputStream:75 - [STDERR_REDIRECT] 	at com.st.stm32cube.ide.mcu.stackanalyzer.model.CallGraph.fromInstructions(CallGraph.java:66)
2023-06-09 19:00:17,097 [ERROR] LogOutputStream:75 - [STDERR_REDIRECT] 	at com.st.stm32cube.ide.mcu.stackanalyzer.ui.StackAnalyzerView.inputChanged(StackAnalyzerView.java:960)
2023-06-09 19:00:17,097 [ERROR] LogOutputStream:75 - [STDERR_REDIRECT] 	at com.st.stm32cube.ide.mcu.stackanalyzer.ui.StackAnalyzerView.lambda$15(StackAnalyzerView.java:1307)
2023-06-09 19:00:17,097 [ERROR] LogOutputStream:75 - [STDERR_REDIRECT] 	at java.base/java.lang.Thread.run(Thread.java:829)
2023-06-09 19:00:17,098 [ERROR] LogOutputStream:75 - [STDERR_REDIRECT] java.lang.StringIndexOutOfBoundsException: begin 0, end -1, length 0
2023-06-09 19:00:17,098 [ERROR] LogOutputStream:75 - [STDERR_REDIRECT] 	at java.base/java.lang.String.checkBoundsBeginEnd(String.java:3319)
2023-06-09 19:00:17,098 [ERROR] LogOutputStream:75 - [STDERR_REDIRECT] 	at java.base/java.lang.String.substring(String.java:1874)
2023-06-09 19:00:17,098 [ERROR] LogOutputStream:75 - [STDERR_REDIRECT] 	at com.st.stm32cube.ide.mcu.utils.assembly.InstructionRecord.calcJumpInstructionDirect(InstructionRecord.java:190)
2023-06-09 19:00:17,098 [ERROR] LogOutputStream:75 - [STDERR_REDIRECT] 	at com.st.stm32cube.ide.mcu.utils.assembly.InstructionRecord.isJumpInstructionDirect(InstructionRecord.java:153)
2023-06-09 19:00:17,099 [ERROR] LogOutputStream:75 - [STDERR_REDIRECT] 	at com.st.stm32cube.ide.mcu.stackanalyzer.model.CallGraph.fromInstructions(CallGraph.java:66)
2023-06-09 19:00:17,099 [ERROR] LogOutputStream:75 - [STDERR_REDIRECT] 	at com.st.stm32cube.ide.mcu.stackanalyzer.ui.StackAnalyzerView.inputChanged(StackAnalyzerView.java:960)
2023-06-09 19:00:17,099 [ERROR] LogOutputStream:75 - [STDERR_REDIRECT] 	at com.st.stm32cube.ide.mcu.stackanalyzer.ui.StackAnalyzerView.lambda$15(StackAnalyzerView.java:1307)
2023-06-09 19:00:17,099 [ERROR] LogOutputStream:75 - [STDERR_REDIRECT] 	at java.base/java.lang.Thread.run(Thread.java:829)
2023-06-09 19:00:17,100 [ERROR] LogOutputStream:75 - [STDERR_REDIRECT] java.lang.StringIndexOutOfBoundsException: begin 0, end -1, length 0
2023-06-09 19:00:17,100 [ERROR] LogOutputStream:75 - [STDERR_REDIRECT] 	at java.base/java.lang.String.checkBoundsBeginEnd(String.java:3319)
2023-06-09 19:00:17,101 [ERROR] LogOutputStream:75 - [STDERR_REDIRECT] 	at java.base/java.lang.String.substring(String.java:1874)
2023-06-09 19:00:17,101 [ERROR] LogOutputStream:75 - [STDERR_REDIRECT] 	at com.st.stm32cube.ide.mcu.utils.assembly.InstructionRecord.calcJumpInstructionDirect(InstructionRecord.java:190)
2023-06-09 19:00:17,101 [ERROR] LogOutputStream:75 - [STDERR_REDIRECT] 	at com.st.stm32cube.ide.mcu.utils.assembly.InstructionRecord.isJumpInstructionDirect(InstructionRecord.java:153)
2023-06-09 19:00:17,101 [ERROR] LogOutputStream:75 - [STDERR_REDIRECT] 	at com.st.stm32cube.ide.mcu.stackanalyzer.model.CallGraph.fromInstructions(CallGraph.java:66)
2023-06-09 19:00:17,102 [ERROR] LogOutputStream:75 - [STDERR_REDIRECT] 	at com.st.stm32cube.ide.mcu.stackanalyzer.ui.StackAnalyzerView.inputChanged(StackAnalyzerView.java:960)
2023-06-09 19:00:17,102 [ERROR] LogOutputStream:75 - [STDERR_REDIRECT] 	at com.st.stm32cube.ide.mcu.stackanalyzer.ui.StackAnalyzerView.lambda$15(StackAnalyzerView.java:1307)
2023-06-09 19:00:17,102 [ERROR] LogOutputStream:75 - [STDERR_REDIRECT] 	at java.base/java.lang.Thread.run(Thread.java:829)
2023-06-09 19:00:17,103 [ERROR] LogOutputStream:75 - [STDERR_REDIRECT] java.lang.StringIndexOutOfBoundsException: begin 0, end -1, length 0
2023-06-09 19:00:17,103 [ERROR] LogOutputStream:75 - [STDERR_REDIRECT] 	at java.base/java.lang.String.checkBoundsBeginEnd(String.java:3319)
2023-06-09 19:00:17,103 [ERROR] LogOutputStream:75 - [STDERR_REDIRECT] 	at java.base/java.lang.String.substring(String.java:1874)
2023-06-09 19:00:17,104 [ERROR] LogOutputStream:75 - [STDERR_REDIRECT] 	at com.st.stm32cube.ide.mcu.utils.assembly.InstructionRecord.calcJumpInstructionDirect(InstructionRecord.java:190)
2023-06-09 19:00:17,104 [ERROR] LogOutputStream:75 - [STDERR_REDIRECT] 	at com.st.stm32cube.ide.mcu.utils.assembly.InstructionRecord.isJumpInstructionDirect(InstructionRecord.java:153)
2023-06-09 19:00:17,104 [ERROR] LogOutputStream:75 - [STDERR_REDIRECT] 	at com.st.stm32cube.ide.mcu.stackanalyzer.model.CallGraph.fromInstructions(CallGraph.java:66)
2023-06-09 19:00:17,104 [ERROR] LogOutputStream:75 - [STDERR_REDIRECT] 	at com.st.stm32cube.ide.mcu.stackanalyzer.ui.StackAnalyzerView.inputChanged(StackAnalyzerView.java:960)
2023-06-09 19:00:17,105 [ERROR] LogOutputStream:75 - [STDERR_REDIRECT] 	at com.st.stm32cube.ide.mcu.stackanalyzer.ui.StackAnalyzerView.lambda$15(StackAnalyzerView.java:1307)
2023-06-09 19:00:17,105 [ERROR] LogOutputStream:75 - [STDERR_REDIRECT] 	at java.base/java.lang.Thread.run(Thread.java:829)
2023-06-09 19:00:17,105 [ERROR] LogOutputStream:75 - [STDERR_REDIRECT] java.lang.StringIndexOutOfBoundsException: begin 0, end -1, length 0
2023-06-09 19:00:17,106 [ERROR] LogOutputStream:75 - [STDERR_REDIRECT] 	at java.base/java.lang.String.checkBoundsBeginEnd(String.java:3319)
2023-06-09 19:00:17,106 [ERROR] LogOutputStream:75 - [STDERR_REDIRECT] 	at java.base/java.lang.String.substring(String.java:1874)
2023-06-09 19:00:17,106 [ERROR] LogOutputStream:75 - [STDERR_REDIRECT] 	at com.st.stm32cube.ide.mcu.utils.assembly.InstructionRecord.calcJumpInstructionDirect(InstructionRecord.java:190)
2023-06-09 19:00:17,106 [ERROR] LogOutputStream:75 - [STDERR_REDIRECT] 	at com.st.stm32cube.ide.mcu.utils.assembly.InstructionRecord.isJumpInstructionDirect(InstructionRecord.java:153)
2023-06-09 19:00:17,107 [ERROR] LogOutputStream:75 - [STDERR_REDIRECT] 	at com.st.stm32cube.ide.mcu.stackanalyzer.model.CallGraph.fromInstructions(CallGraph.java:66)
2023-06-09 19:00:17,107 [ERROR] LogOutputStream:75 - [STDERR_REDIRECT] 	at com.st.stm32cube.ide.mcu.stackanalyzer.ui.StackAnalyzerView.inputChanged(StackAnalyzerView.java:960)
2023-06-09 19:00:17,107 [ERROR] LogOutputStream:75 - [STDERR_REDIRECT] 	at com.st.stm32cube.ide.mcu.stackanalyzer.ui.StackAnalyzerView.lambda$15(StackAnalyzerView.java:1307)
2023-06-09 19:00:17,107 [ERROR] LogOutputStream:75 - [STDERR_REDIRECT] 	at java.base/java.lang.Thread.run(Thread.java:829)
2023-06-09 19:00:17,107 [ERROR] LogOutputStream:75 - [STDERR_REDIRECT] java.lang.StringIndexOutOfBoundsException: begin 0, end -1, length 0
2023-06-09 19:00:17,108 [ERROR] LogOutputStream:75 - [STDERR_REDIRECT] 	at java.base/java.lang.String.checkBoundsBeginEnd(String.java:3319)
2023-06-09 19:00:17,108 [ERROR] LogOutputStream:75 - [STDERR_REDIRECT] 	at java.base/java.lang.String.substring(String.java:1874)
2023-06-09 19:00:17,108 [ERROR] LogOutputStream:75 - [STDERR_REDIRECT] 	at com.st.stm32cube.ide.mcu.utils.assembly.InstructionRecord.calcJumpInstructionDirect(InstructionRecord.java:190)
2023-06-09 19:00:17,108 [ERROR] LogOutputStream:75 - [STDERR_REDIRECT] 	at com.st.stm32cube.ide.mcu.utils.assembly.InstructionRecord.isJumpInstructionDirect(InstructionRecord.java:153)
2023-06-09 19:00:17,108 [ERROR] LogOutputStream:75 - [STDERR_REDIRECT] 	at com.st.stm32cube.ide.mcu.stackanalyzer.model.CallGraph.fromInstructions(CallGraph.java:66)
2023-06-09 19:00:17,108 [ERROR] LogOutputStream:75 - [STDERR_REDIRECT] 	at com.st.stm32cube.ide.mcu.stackanalyzer.ui.StackAnalyzerView.inputChanged(StackAnalyzerView.java:960)
2023-06-09 19:00:17,108 [ERROR] LogOutputStream:75 - [STDERR_REDIRECT] 	at com.st.stm32cube.ide.mcu.stackanalyzer.ui.StackAnalyzerView.lambda$15(StackAnalyzerView.java:1307)
2023-06-09 19:00:17,108 [ERROR] LogOutputStream:75 - [STDERR_REDIRECT] 	at java.base/java.lang.Thread.run(Thread.java:829)
2023-06-09 19:00:17,109 [ERROR] LogOutputStream:75 - [STDERR_REDIRECT] java.lang.StringIndexOutOfBoundsException: begin 0, end -1, length 0
2023-06-09 19:00:17,109 [ERROR] LogOutputStream:75 - [STDERR_REDIRECT] 	at java.base/java.lang.String.checkBoundsBeginEnd(String.java:3319)
2023-06-09 19:00:17,109 [ERROR] LogOutputStream:75 - [STDERR_REDIRECT] 	at java.base/java.lang.String.substring(String.java:1874)
2023-06-09 19:00:17,109 [ERROR] LogOutputStream:75 - [STDERR_REDIRECT] 	at com.st.stm32cube.ide.mcu.utils.assembly.InstructionRecord.calcJumpInstructionDirect(InstructionRecord.java:190)
2023-06-09 19:00:17,109 [ERROR] LogOutputStream:75 - [STDERR_REDIRECT] 	at com.st.stm32cube.ide.mcu.utils.assembly.InstructionRecord.isJumpInstructionDirect(InstructionRecord.java:153)
2023-06-09 19:00:17,109 [ERROR] LogOutputStream:75 - [STDERR_REDIRECT] 	at com.st.stm32cube.ide.mcu.stackanalyzer.model.CallGraph.fromInstructions(CallGraph.java:66)
2023-06-09 19:00:17,109 [ERROR] LogOutputStream:75 - [STDERR_REDIRECT] 	at com.st.stm32cube.ide.mcu.stackanalyzer.ui.StackAnalyzerView.inputChanged(StackAnalyzerView.java:960)
2023-06-09 19:00:17,109 [ERROR] LogOutputStream:75 - [STDERR_REDIRECT] 	at com.st.stm32cube.ide.mcu.stackanalyzer.ui.StackAnalyzerView.lambda$15(StackAnalyzerView.java:1307)
2023-06-09 19:00:17,110 [ERROR] LogOutputStream:75 - [STDERR_REDIRECT] 	at java.base/java.lang.Thread.run(Thread.java:829)
2023-06-09 19:00:17,110 [ERROR] LogOutputStream:75 - [STDERR_REDIRECT] java.lang.StringIndexOutOfBoundsException: begin 0, end -1, length 0
2023-06-09 19:00:17,110 [ERROR] LogOutputStream:75 - [STDERR_REDIRECT] 	at java.base/java.lang.String.checkBoundsBeginEnd(String.java:3319)
2023-06-09 19:00:17,110 [ERROR] LogOutputStream:75 - [STDERR_REDIRECT] 	at java.base/java.lang.String.substring(String.java:1874)
2023-06-09 19:00:17,110 [ERROR] LogOutputStream:75 - [STDERR_REDIRECT] 	at com.st.stm32cube.ide.mcu.utils.assembly.InstructionRecord.calcJumpInstructionDirect(InstructionRecord.java:190)
2023-06-09 19:00:17,110 [ERROR] LogOutputStream:75 - [STDERR_REDIRECT] 	at com.st.stm32cube.ide.mcu.utils.assembly.InstructionRecord.isJumpInstructionDirect(InstructionRecord.java:153)
2023-06-09 19:00:17,110 [ERROR] LogOutputStream:75 - [STDERR_REDIRECT] 	at com.st.stm32cube.ide.mcu.stackanalyzer.model.CallGraph.fromInstructions(CallGraph.java:66)
2023-06-09 19:00:17,111 [ERROR] LogOutputStream:75 - [STDERR_REDIRECT] 	at com.st.stm32cube.ide.mcu.stackanalyzer.ui.StackAnalyzerView.inputChanged(StackAnalyzerView.java:960)
2023-06-09 19:00:17,111 [ERROR] LogOutputStream:75 - [STDERR_REDIRECT] 	at com.st.stm32cube.ide.mcu.stackanalyzer.ui.StackAnalyzerView.lambda$15(StackAnalyzerView.java:1307)
2023-06-09 19:00:17,111 [ERROR] LogOutputStream:75 - [STDERR_REDIRECT] 	at java.base/java.lang.Thread.run(Thread.java:829)
2023-06-09 19:00:17,111 [ERROR] LogOutputStream:75 - [STDERR_REDIRECT] java.lang.StringIndexOutOfBoundsException: begin 0, end -1, length 0
2023-06-09 19:00:17,112 [ERROR] LogOutputStream:75 - [STDERR_REDIRECT] 	at java.base/java.lang.String.checkBoundsBeginEnd(String.java:3319)
2023-06-09 19:00:17,112 [ERROR] LogOutputStream:75 - [STDERR_REDIRECT] 	at java.base/java.lang.String.substring(String.java:1874)
2023-06-09 19:00:17,112 [ERROR] LogOutputStream:75 - [STDERR_REDIRECT] 	at com.st.stm32cube.ide.mcu.utils.assembly.InstructionRecord.calcJumpInstructionDirect(InstructionRecord.java:190)
2023-06-09 19:00:17,112 [ERROR] LogOutputStream:75 - [STDERR_REDIRECT] 	at com.st.stm32cube.ide.mcu.utils.assembly.InstructionRecord.isJumpInstructionDirect(InstructionRecord.java:153)
2023-06-09 19:00:17,112 [ERROR] LogOutputStream:75 - [STDERR_REDIRECT] 	at com.st.stm32cube.ide.mcu.stackanalyzer.model.CallGraph.fromInstructions(CallGraph.java:66)
2023-06-09 19:00:17,112 [ERROR] LogOutputStream:75 - [STDERR_REDIRECT] 	at com.st.stm32cube.ide.mcu.stackanalyzer.ui.StackAnalyzerView.inputChanged(StackAnalyzerView.java:960)
2023-06-09 19:00:17,112 [ERROR] LogOutputStream:75 - [STDERR_REDIRECT] 	at com.st.stm32cube.ide.mcu.stackanalyzer.ui.StackAnalyzerView.lambda$15(StackAnalyzerView.java:1307)
2023-06-09 19:00:17,112 [ERROR] LogOutputStream:75 - [STDERR_REDIRECT] 	at java.base/java.lang.Thread.run(Thread.java:829)
2023-06-09 19:15:15,828 [INFO] Activator:176 - 


2023-06-09 19:15:15,830 [INFO] Activator:177 - !SESSION log4j initialized
2023-06-09 19:15:18,492 [INFO] LogOutputStream:77 - [STDOUT_REDIRECT] 
